Arguments: 
  /usr/bin/node /usr/share/yarn/bin/yarn.js add bcryptjs

PATH: 
  /opt/GitHub Desktop:/opt/GitHub Desktop:/usr/local/sbin:/usr/local/bin:/usr/sbin:/usr/bin:/sbin:/bin:/usr/games:/usr/local/games:/snap/bin

Yarn version: 
  1.21.1

Node version: 
  12.15.0

Platform: 
  linux x64

Trace: 
  Error: EACCES: permission denied, unlink '/home/jandir/Área de Trabalho/GoStack-GoBarber/node_modules/@types/eslint-visitor-keys/README.md'

npm manifest: 
  {
    "name": "GoStack-GoBarber",
    "version": "1.0.0",
    "description": "",
    "main": "index.js",
    "scripts": {
      "test": "echo \"Error: no test specified\" && exit 1",
      "dev": "nodemon src/server.js",
      "dev:debug": "nodemon --inspect src/server.js"
    },
    "repository": {
      "type": "git",
      "url": "git+https://github.com/JandirHabitzreuter/GoStack-GoBarber.git"
    },
    "keywords": [],
    "author": "",
    "license": "ISC",
    "bugs": {
      "url": "https://github.com/JandirHabitzreuter/GoStack-GoBarber/issues"
    },
    "homepage": "https://github.com/JandirHabitzreuter/GoStack-GoBarber#readme",
    "dependencies": {
      "express": "^4.17.1",
      "pg": "^7.18.1",
      "pg-hstore": "^2.3.3",
      "sequelize": "^5.21.4"
    },
    "devDependencies": {
      "@typescript-eslint/eslint-plugin": "^2.19.0",
      "@typescript-eslint/parser": "^2.19.0",
      "eslint": "^6.8.0",
      "eslint-config-airbnb-base": "^14.0.0",
      "eslint-config-prettier": "^6.10.0",
      "eslint-plugin-import": "^2.20.1",
      "eslint-plugin-prettier": "^3.1.2",
      "nodemon": "^2.0.2",
      "prettier": "^1.19.1",
      "sequelize-cli": "^5.5.1"
    }
  }

yarn manifest: 
  No manifest

Lockfile: 
  No lockfile
